2020-03-28 15:28:23,481 INFO [root] [__init__.py(<module>:16)] - INFO Test --------------------------
2020-03-28 15:28:24,024 INFO [root] [test_login_params.py(test01_login:33)] - 登录的结果为：{'success': True, 'code': 10000, 'message': '操作成功！', 'data': '2ac3500f-f57b-467d-ba0e-553420ff7497'}
2020-03-28 15:28:24,119 INFO [root] [test_login_params.py(test01_login:33)] - 登录的结果为：{'success': False, 'code': 20001, 'message': '用户名或密码错误', 'data': None}
2020-03-28 15:28:24,207 INFO [root] [test_login_params.py(test01_login:33)] - 登录的结果为：{'success': False, 'code': 20001, 'message': '用户名或密码错误', 'data': None}
2020-03-28 15:28:24,290 INFO [root] [test_login_params.py(test01_login:33)] - 登录的结果为：{'success': False, 'code': 20001, 'message': '用户名或密码错误', 'data': None}
2020-03-28 15:28:24,379 INFO [root] [test_login_params.py(test01_login:33)] - 登录的结果为：{'success': False, 'code': 20001, 'message': '用户名或密码错误', 'data': None}
2020-03-28 15:28:24,468 INFO [root] [test_login_params.py(test01_login:33)] - 登录的结果为：{'success': False, 'code': 20001, 'message': '用户名或密码错误', 'data': None}
2020-03-28 15:28:24,564 INFO [root] [test_login_params.py(test01_login:33)] - 登录的结果为：{'success': False, 'code': 20001, 'message': '用户名或密码错误', 'data': None}
2020-03-28 15:28:24,655 INFO [root] [test_login_params.py(test01_login:33)] - 登录的结果为：{'success': True, 'code': 10000, 'message': '操作成功！', 'data': '6b2b38c4-21b6-46b4-a54a-b6e755ce292b'}
2020-03-28 15:28:24,743 INFO [root] [test_login_params.py(test01_login:33)] - 登录的结果为：{'success': False, 'code': 20001, 'message': '用户名或密码错误', 'data': None}
2020-03-28 15:28:24,820 INFO [root] [test_login_params.py(test01_login:33)] - 登录的结果为：{'success': False, 'code': 20001, 'message': '用户名或密码错误', 'data': None}
2020-03-28 15:28:24,908 INFO [root] [test_login_params.py(test01_login:33)] - 登录的结果为：{'success': False, 'code': 99999, 'message': '抱歉，系统繁忙，请稍后重试！', 'data': None}
2020-03-28 15:28:25,001 INFO [root] [test_login_params.py(test01_login:33)] - 登录的结果为：{'success': False, 'code': 20001, 'message': '用户名或密码错误', 'data': None}
2020-03-28 15:28:25,103 INFO [root] [test_emp_func.py(test01_test_emp_operation:38)] - 员工模块登录接口的结果为：{'success': True, 'code': 10000, 'message': '操作成功！', 'data': '7bfdf511-d218-4b4e-aab1-a4214b733726'}
2020-03-28 15:28:25,103 INFO [root] [test_emp_func.py(test01_test_emp_operation:42)] - 登录成功后设置的请求头为：{'Content-Type': 'application/json', 'Authorization': 'Bearer 7bfdf511-d218-4b4e-aab1-a4214b733726'}
2020-03-28 15:28:25,190 INFO [root] [test_emp_func.py(test02_add_emp:53)] - 添加员工的结果为:{'success': True, 'code': 10000, 'message': '操作成功！', 'data': {'id': '1243802113162956800'}}
2020-03-28 15:28:25,190 INFO [root] [test_emp_func.py(test02_add_emp:58)] - 获取的员工ID为:1243802113162956800
2020-03-28 15:28:25,280 INFO [root] [test_emp_func.py(test03_query_emp:68)] - 查询员工接口的结果为：{'success': True, 'code': 10000, 'message': '操作成功！', 'data': {'id': '1243802113162956800', 'mobile': '14790123809', 'username': '葫芦娃aassa', 'password': '4558335727750c302bafb6cfac515404', 'enableState': 1, 'createTime': None, 'companyId': '1', 'companyName': '传智播客', 'departmentId': '1226092852421177344', 'timeOfEntry': '2020-03-16T00:00:00.000+0000', 'formOfEmployment': 2, 'workNumber': None, 'formOfManagement': None, 'workingCity': None, 'correctionTime': '2020-03-15T16:00:00.000+0000', 'inServiceStatus': None, 'departmentName': 'snowsnow', 'roleIds': [], 'staffPhoto': None}}
2020-03-28 15:28:25,365 INFO [root] [test_emp_func.py(test04_modify_emp:78)] - 修改员工的结果为:{'success': True, 'code': 10000, 'message': '操作成功！', 'data': {'id': '1243802113162956800'}}
2020-03-28 15:28:25,554 INFO [root] [test_emp_func.py(test04_modify_emp:98)] - 打印SQL语句:select username from bs_user where id=1243802113162956800
2020-03-28 15:28:25,596 INFO [root] [test_emp_func.py(test04_modify_emp:102)] - 执行SQL语句查询的结果为:('金刚狼',)
2020-03-28 15:28:25,691 INFO [root] [test_emp_func.py(test05_delete_emp:119)] - 修改员工的结果为:{'success': True, 'code': 10000, 'message': '操作成功！', 'data': None}
